{"/Users/valbrand/Desktop/vscode/valbrand-lily/src/testUtils.ts": {"path":"/Users/valbrand/Desktop/vscode/valbrand-lily/src/testUtils.ts","statementMap":{"0":{"start":{"line":4,"column":35},"end":{"line":21,"column":4}},"1":{"start":{"line":6,"column":31},"end":{"line":6,"column":63}},"2":{"start":{"line":7,"column":6},"end":{"line":9,"column":null}},"3":{"start":{"line":8,"column":8},"end":{"line":8,"column":32}},"4":{"start":{"line":11,"column":6},"end":{"line":19,"column":null}},"5":{"start":{"line":14,"column":10},"end":{"line":14,"column":27}},"6":{"start":{"line":16,"column":10},"end":{"line":18,"column":12}},"7":{"start":{"line":23,"column":2},"end":{"line":23,"column":40}},"8":{"start":{"line":1,"column":0},"end":{"line":1,"column":16}}},"fnMap":{"0":{"name":"mockObject","decl":{"start":{"line":1,"column":16},"end":{"line":1,"column":26}},"loc":{"start":{"line":2,"column":34},"end":{"line":24,"column":1}}},"1":{"name":"(anonymous_1)","decl":{"start":{"line":5,"column":4},"end":{"line":5,"column":7}},"loc":{"start":{"line":5,"column":53},"end":{"line":20,"column":5}}}},"branchMap":{"0":{"loc":{"start":{"line":2,"column":32},"end":{"line":2,"column":34}},"type":"default-arg","locations":[{"start":{"line":2,"column":32},"end":{"line":2,"column":34}}]},"1":{"loc":{"start":{"line":7,"column":6},"end":{"line":9,"column":null}},"type":"if","locations":[{"start":{"line":7,"column":6},"end":{"line":9,"column":null}},{"start":{"line":7,"column":6},"end":{"line":9,"column":null}}]},"2":{"loc":{"start":{"line":12,"column":8},"end":{"line":12,"column":31}},"type":"switch","locations":[{"start":{"line":12,"column":8},"end":{"line":12,"column":31}},{"start":{"line":13,"column":8},"end":{"line":14,"column":27}},{"start":{"line":15,"column":8},"end":{"line":18,"column":12}}]}},"s":{"0":16,"1":26,"2":26,"3":20,"4":6,"5":6,"6":0,"7":16,"8":2},"f":{"0":16,"1":26},"b":{"0":[2],"1":[20,6],"2":[4,6,0]}}
,"/Users/valbrand/Desktop/vscode/valbrand-lily/src/controllers/fileChanges.ts": {"path":"/Users/valbrand/Desktop/vscode/valbrand-lily/src/controllers/fileChanges.ts","statementMap":{"0":{"start":{"line":4,"column":0},"end":{"line":4,"column":69}},"1":{"start":{"line":10,"column":2},"end":{"line":14,"column":null}},"2":{"start":{"line":11,"column":4},"end":{"line":11,"column":45}},"3":{"start":{"line":13,"column":4},"end":{"line":13,"column":14}},"4":{"start":{"line":6,"column":0},"end":{"line":6,"column":24}},"5":{"start":{"line":18,"column":29},"end":{"line":18,"column":53}},"6":{"start":{"line":19,"column":25},"end":{"line":19,"column":64}},"7":{"start":{"line":21,"column":2},"end":{"line":23,"column":4}}},"fnMap":{"0":{"name":"fixFileChanges","decl":{"start":{"line":6,"column":24},"end":{"line":6,"column":38}},"loc":{"start":{"line":8,"column":26},"end":{"line":15,"column":1}}},"1":{"name":"applyIndentMode","decl":{"start":{"line":17,"column":9},"end":{"line":17,"column":24}},"loc":{"start":{"line":17,"column":74},"end":{"line":24,"column":1}}}},"branchMap":{"0":{"loc":{"start":{"line":10,"column":2},"end":{"line":14,"column":null}},"type":"if","locations":[{"start":{"line":10,"column":2},"end":{"line":14,"column":null}},{"start":{"line":10,"column":2},"end":{"line":14,"column":null}}]}},"s":{"0":1,"1":2,"2":1,"3":1,"4":1,"5":1,"6":1,"7":1},"f":{"0":2,"1":1},"b":{"0":[1,1]}}
}
