{"/Users/valbrand/Desktop/vscode/valbrand-lily/src/utils.ts": {"path":"/Users/valbrand/Desktop/vscode/valbrand-lily/src/utils.ts","statementMap":{"0":{"start":{"line":5,"column":2},"end":{"line":5,"column":32}},"1":{"start":{"line":5,"column":18},"end":{"line":5,"column":31}},"2":{"start":{"line":1,"column":0},"end":{"line":1,"column":16}},"3":{"start":{"line":11,"column":2},"end":{"line":15,"column":4}},"4":{"start":{"line":12,"column":4},"end":{"line":14,"column":null}},"5":{"start":{"line":13,"column":6},"end":{"line":13,"column":19}},"6":{"start":{"line":8,"column":0},"end":{"line":8,"column":16}}},"fnMap":{"0":{"name":"pipe","decl":{"start":{"line":1,"column":16},"end":{"line":1,"column":20}},"loc":{"start":{"line":3,"column":23},"end":{"line":6,"column":1}}},"1":{"name":"(anonymous_1)","decl":{"start":{"line":5,"column":9},"end":{"line":5,"column":14}},"loc":{"start":{"line":5,"column":18},"end":{"line":5,"column":31}}},"2":{"name":"whenDefined","decl":{"start":{"line":8,"column":16},"end":{"line":8,"column":27}},"loc":{"start":{"line":9,"column":24},"end":{"line":16,"column":1}}},"3":{"name":"(anonymous_3)","decl":{"start":{"line":11,"column":9},"end":{"line":11,"column":10}},"loc":{"start":{"line":11,"column":38},"end":{"line":15,"column":3}}}},"branchMap":{"0":{"loc":{"start":{"line":12,"column":4},"end":{"line":14,"column":null}},"type":"if","locations":[{"start":{"line":12,"column":4},"end":{"line":14,"column":null}},{"start":{"line":12,"column":4},"end":{"line":14,"column":null}}]}},"s":{"0":1,"1":1,"2":1,"3":2,"4":2,"5":1,"6":1},"f":{"0":1,"1":1,"2":2,"3":2},"b":{"0":[1,1]}}
,"/Users/valbrand/Desktop/vscode/valbrand-lily/src/boundaries/parinfer/index.ts": {"path":"/Users/valbrand/Desktop/vscode/valbrand-lily/src/boundaries/parinfer/index.ts","statementMap":{"0":{"start":{"line":1,"column":0},"end":{"line":1,"column":38}},"1":{"start":{"line":5,"column":2},"end":{"line":5,"column":18}},"2":{"start":{"line":4,"column":0},"end":{"line":4,"column":16}}},"fnMap":{"0":{"name":"createParinferEngine","decl":{"start":{"line":4,"column":16},"end":{"line":4,"column":36}},"loc":{"start":{"line":4,"column":36},"end":{"line":6,"column":1}}}},"branchMap":{},"s":{"0":1,"1":6,"2":1},"f":{"0":6},"b":{}}
,"/Users/valbrand/Desktop/vscode/valbrand-lily/src/controllers/initialTreatment.ts": {"path":"/Users/valbrand/Desktop/vscode/valbrand-lily/src/controllers/initialTreatment.ts","statementMap":{"0":{"start":{"line":2,"column":0},"end":{"line":2,"column":69}},"1":{"start":{"line":4,"column":0},"end":{"line":4,"column":65}},"2":{"start":{"line":11,"column":19},"end":{"line":11,"column":36}},"3":{"start":{"line":12,"column":25},"end":{"line":12,"column":60}},"4":{"start":{"line":14,"column":2},"end":{"line":22,"column":8}},"5":{"start":{"line":29,"column":2},"end":{"line":31,"column":9}},"6":{"start":{"line":25,"column":0},"end":{"line":25,"column":24}}},"fnMap":{"0":{"name":"fixDocumentAlignment","decl":{"start":{"line":7,"column":9},"end":{"line":7,"column":29}},"loc":{"start":{"line":9,"column":26},"end":{"line":23,"column":1}}},"1":{"name":"performInitialTreatment","decl":{"start":{"line":25,"column":24},"end":{"line":25,"column":47}},"loc":{"start":{"line":27,"column":26},"end":{"line":32,"column":1}}}},"branchMap":{"0":{"loc":{"start":{"line":15,"column":6},"end":{"line":17,"column":null}},"type":"cond-expr","locations":[{"start":{"line":15,"column":6},"end":{"line":17,"column":null}},{"start":{"line":18,"column":6},"end":{"line":22,"column":8}}]},"1":{"loc":{"start":{"line":30,"column":6},"end":{"line":30,"column":44}},"type":"cond-expr","locations":[{"start":{"line":30,"column":6},"end":{"line":30,"column":44}},{"start":{"line":31,"column":6},"end":{"line":31,"column":8}}]}},"s":{"0":1,"1":1,"2":2,"3":2,"4":2,"5":3,"6":1},"f":{"0":2,"1":3},"b":{"0":[1,1],"1":[2,1]}}
,"/Users/valbrand/Desktop/vscode/valbrand-lily/src/eventLoop/eventLoop.ts": {"path":"/Users/valbrand/Desktop/vscode/valbrand-lily/src/eventLoop/eventLoop.ts","statementMap":{"0":{"start":{"line":2,"column":0},"end":{"line":2,"column":62}},"1":{"start":{"line":34,"column":2},"end":{"line":37,"column":4}},"2":{"start":{"line":44,"column":2},"end":{"line":53,"column":5}},"3":{"start":{"line":45,"column":53},"end":{"line":45,"column":74}},"4":{"start":{"line":47,"column":4},"end":{"line":52,"column":null}},"5":{"start":{"line":48,"column":6},"end":{"line":48,"column":46}},"6":{"start":{"line":49,"column":6},"end":{"line":49,"column":35}},"7":{"start":{"line":51,"column":6},"end":{"line":51,"column":57}},"8":{"start":{"line":56,"column":22},"end":{"line":67,"column":1}},"9":{"start":{"line":56,"column":68},"end":{"line":67,"column":1}},"10":{"start":{"line":60,"column":44},"end":{"line":60,"column":63}},"11":{"start":{"line":62,"column":2},"end":{"line":66,"column":null}},"12":{"start":{"line":63,"column":27},"end":{"line":63,"column":57}},"13":{"start":{"line":65,"column":4},"end":{"line":65,"column":54}},"14":{"start":{"line":69,"column":26},"end":{"line":75,"column":1}},"15":{"start":{"line":69,"column":52},"end":{"line":75,"column":1}},"16":{"start":{"line":71,"column":5},"end":{"line":75,"column":1}},"17":{"start":{"line":72,"column":25},"end":{"line":72,"column":66}},"18":{"start":{"line":74,"column":2},"end":{"line":74,"column":52}},"19":{"start":{"line":81,"column":2},"end":{"line":84,"column":4}},"20":{"start":{"line":77,"column":0},"end":{"line":77,"column":16}}},"fnMap":{"0":{"name":"buildContext","decl":{"start":{"line":33,"column":9},"end":{"line":33,"column":21}},"loc":{"start":{"line":33,"column":35},"end":{"line":38,"column":1}}},"1":{"name":"runEffectExecutionPlan","decl":{"start":{"line":40,"column":9},"end":{"line":40,"column":31}},"loc":{"start":{"line":42,"column":36},"end":{"line":54,"column":1}}},"2":{"name":"(anonymous_2)","decl":{"start":{"line":44,"column":40},"end":{"line":44,"column":41}},"loc":{"start":{"line":44,"column":72},"end":{"line":53,"column":3}}},"3":{"name":"(anonymous_3)","decl":{"start":{"line":56,"column":22},"end":{"line":56,"column":23}},"loc":{"start":{"line":56,"column":68},"end":{"line":67,"column":1}}},"4":{"name":"(anonymous_4)","decl":{"start":{"line":56,"column":68},"end":{"line":56,"column":null}},"loc":{"start":{"line":59,"column":4},"end":{"line":67,"column":1}}},"5":{"name":"(anonymous_5)","decl":{"start":{"line":69,"column":26},"end":{"line":69,"column":27}},"loc":{"start":{"line":69,"column":52},"end":{"line":75,"column":1}}},"6":{"name":"(anonymous_6)","decl":{"start":{"line":69,"column":52},"end":{"line":69,"column":null}},"loc":{"start":{"line":71,"column":5},"end":{"line":75,"column":1}}},"7":{"name":"(anonymous_7)","decl":{"start":{"line":71,"column":5},"end":{"line":71,"column":6}},"loc":{"start":{"line":71,"column":20},"end":{"line":75,"column":1}}},"8":{"name":"createEventRegistry","decl":{"start":{"line":77,"column":16},"end":{"line":77,"column":35}},"loc":{"start":{"line":79,"column":22},"end":{"line":85,"column":1}}}},"branchMap":{"0":{"loc":{"start":{"line":47,"column":4},"end":{"line":52,"column":null}},"type":"if","locations":[{"start":{"line":47,"column":4},"end":{"line":52,"column":null}},{"start":{"line":47,"column":4},"end":{"line":52,"column":null}}]},"1":{"loc":{"start":{"line":62,"column":2},"end":{"line":66,"column":null}},"type":"if","locations":[{"start":{"line":62,"column":2},"end":{"line":66,"column":null}},{"start":{"line":62,"column":2},"end":{"line":66,"column":null}}]}},"s":{"0":1,"1":6,"2":6,"3":4,"4":4,"5":2,"6":2,"7":2,"8":1,"9":1,"10":4,"11":4,"12":3,"13":3,"14":1,"15":1,"16":3,"17":3,"18":3,"19":1,"20":1},"f":{"0":6,"1":6,"2":4,"3":1,"4":4,"5":1,"6":3,"7":3,"8":1},"b":{"0":[2,2],"1":[3,1]}}
,"/Users/valbrand/Desktop/vscode/valbrand-lily/src/eventLoop/effects/replaceText.ts": {"path":"/Users/valbrand/Desktop/vscode/valbrand-lily/src/eventLoop/effects/replaceText.ts","statementMap":{"0":{"start":{"line":9,"column":2},"end":{"line":12,"column":null}},"1":{"start":{"line":8,"column":0},"end":{"line":8,"column":16}}},"fnMap":{"0":{"name":"replaceTextEffect","decl":{"start":{"line":8,"column":16},"end":{"line":8,"column":33}},"loc":{"start":{"line":8,"column":66},"end":{"line":13,"column":1}}}},"branchMap":{},"s":{"0":1,"1":1},"f":{"0":1},"b":{}}
,"/Users/valbrand/Desktop/vscode/valbrand-lily/src/eventLoop/effects/showError.ts": {"path":"/Users/valbrand/Desktop/vscode/valbrand-lily/src/eventLoop/effects/showError.ts","statementMap":{"0":{"start":{"line":6,"column":2},"end":{"line":8,"column":4}},"1":{"start":{"line":5,"column":0},"end":{"line":5,"column":16}}},"fnMap":{"0":{"name":"showErrorEffect","decl":{"start":{"line":5,"column":16},"end":{"line":5,"column":31}},"loc":{"start":{"line":5,"column":44},"end":{"line":9,"column":1}}}},"branchMap":{},"s":{"0":1,"1":1},"f":{"0":1},"b":{}}
}
