TN:
SF:src/testUtils.ts
FN:1,mockObject
FN:5,(anonymous_1)
FNF:2
FNH:2
FNDA:18,mockObject
FNDA:32,(anonymous_1)
DA:1,2
DA:4,18
DA:6,32
DA:7,32
DA:8,26
DA:11,6
DA:14,6
DA:16,0
DA:23,18
LF:9
LH:8
BRDA:2,0,0,2
BRDA:7,1,0,26
BRDA:7,1,1,6
BRDA:12,2,0,4
BRDA:12,2,1,6
BRDA:12,2,2,0
BRF:6
BRH:5
end_of_record
TN:
SF:src/utils.ts
FN:3,pipe
FN:7,(anonymous_1)
FN:8,(anonymous_2)
FN:12,whenDefined
FN:15,(anonymous_4)
FN:22,when
FN:26,(anonymous_6)
FN:43,prop
FN:46,(anonymous_8)
FN:49,log
FN:50,(anonymous_10)
FN:57,logLater
FN:60,(anonymous_12)
FN:61,(anonymous_13)
FN:69,constantFn
FN:70,(anonymous_15)
FN:73,identity
FNF:17
FNH:17
FNDA:1,pipe
FNDA:1,(anonymous_1)
FNDA:1,(anonymous_2)
FNDA:2,whenDefined
FNDA:2,(anonymous_4)
FNDA:2,when
FNDA:2,(anonymous_6)
FNDA:1,prop
FNDA:2,(anonymous_8)
FNDA:2,log
FNDA:2,(anonymous_10)
FNDA:2,logLater
FNDA:2,(anonymous_12)
FNDA:2,(anonymous_13)
FNDA:1,constantFn
FNDA:3,(anonymous_15)
FNDA:4,identity
DA:3,1
DA:7,1
DA:8,1
DA:12,1
DA:15,2
DA:16,2
DA:17,1
DA:22,1
DA:26,2
DA:27,2
DA:28,1
DA:43,1
DA:46,2
DA:49,1
DA:50,2
DA:51,2
DA:53,2
DA:57,1
DA:60,2
DA:61,2
DA:62,2
DA:65,2
DA:69,1
DA:70,3
DA:73,1
DA:74,4
LF:26
LH:26
BRDA:16,0,0,1
BRDA:16,0,1,1
BRDA:27,1,0,1
BRDA:27,1,1,1
BRDA:49,2,0,1
BRDA:58,3,0,1
BRF:6
BRH:6
end_of_record
TN:
SF:src/controllers/fileChanges.ts
FN:6,fixFileChanges
FN:17,applyIndentMode
FNF:2
FNH:2
FNDA:2,fixFileChanges
FNDA:1,applyIndentMode
DA:4,1
DA:6,1
DA:10,2
DA:11,1
DA:13,1
DA:18,1
DA:19,1
DA:25,1
LF:8
LH:8
BRDA:10,0,0,1
BRDA:10,0,1,1
BRF:2
BRH:2
end_of_record
TN:
SF:src/controllers/initialTreatment.ts
FN:7,fixDocumentAlignment
FN:33,performInitialTreatment
FNF:2
FNH:2
FNDA:2,fixDocumentAlignment
FNDA:3,performInitialTreatment
DA:2,1
DA:4,1
DA:11,2
DA:12,2
DA:18,2
DA:33,1
DA:37,3
LF:7
LH:7
BRDA:19,0,0,1
BRDA:19,0,1,1
BRDA:38,1,0,2
BRDA:38,1,1,1
BRF:4
BRH:4
end_of_record
TN:
SF:src/eventLoop/eventLoop.ts
FN:33,buildContext
FN:40,runEffectExecutionPlan
FN:44,(anonymous_10)
FN:44,(anonymous_11)
FN:56,(anonymous_12)
FN:56,(anonymous_13)
FN:69,(anonymous_14)
FN:69,(anonymous_15)
FN:71,(anonymous_16)
FN:77,createEventRegistry
FNF:10
FNH:10
FNDA:6,buildContext
FNDA:6,runEffectExecutionPlan
FNDA:4,(anonymous_10)
FNDA:4,(anonymous_11)
FNDA:1,(anonymous_12)
FNDA:4,(anonymous_13)
FNDA:1,(anonymous_14)
FNDA:3,(anonymous_15)
FNDA:3,(anonymous_16)
FNDA:1,createEventRegistry
DA:2,1
DA:34,6
DA:44,6
DA:45,4
DA:47,4
DA:48,2
DA:49,2
DA:51,2
DA:56,1
DA:60,4
DA:62,4
DA:63,3
DA:65,3
DA:69,1
DA:71,3
DA:72,3
DA:74,3
DA:77,1
DA:81,1
LF:19
LH:19
BRDA:47,0,0,2
BRDA:47,0,1,2
BRDA:62,1,0,3
BRDA:62,1,1,1
BRF:4
BRH:4
end_of_record
TN:
SF:src/eventLoop/effects/replaceText.ts
FN:9,replaceTextEffect
FNF:1
FNH:1
FNDA:2,replaceTextEffect
DA:9,2
DA:14,2
LF:2
LH:2
BRF:0
BRH:0
end_of_record
TN:
SF:src/eventLoop/effects/showError.ts
FN:5,showErrorEffect
FNF:1
FNH:1
FNDA:1,showErrorEffect
DA:5,1
DA:6,1
LF:2
LH:2
BRF:0
BRH:0
end_of_record
