TN:
SF:src/utils.ts
FN:1,pipe
FN:5,(anonymous_1)
FN:8,whenDefined
FN:11,(anonymous_3)
FNF:4
FNH:4
FNDA:1,pipe
FNDA:1,(anonymous_1)
FNDA:2,whenDefined
FNDA:2,(anonymous_3)
DA:1,1
DA:5,1
DA:8,1
DA:11,2
DA:12,2
DA:13,1
LF:6
LH:6
BRDA:12,0,0,1
BRDA:12,0,1,1
BRF:2
BRH:2
end_of_record
TN:
SF:src/boundaries/parinfer/index.ts
FN:4,createParinferEngine
FNF:1
FNH:1
FNDA:6,createParinferEngine
DA:1,1
DA:4,1
DA:5,6
LF:3
LH:3
BRF:0
BRH:0
end_of_record
TN:
SF:src/controllers/initialTreatment.ts
FN:7,fixDocumentAlignment
FN:25,performInitialTreatment
FNF:2
FNH:2
FNDA:2,fixDocumentAlignment
FNDA:3,performInitialTreatment
DA:2,1
DA:4,1
DA:11,2
DA:12,2
DA:14,2
DA:25,1
DA:29,3
LF:7
LH:7
BRDA:15,0,0,1
BRDA:15,0,1,1
BRDA:30,1,0,2
BRDA:30,1,1,1
BRF:4
BRH:4
end_of_record
TN:
SF:src/eventLoop/eventLoop.ts
FN:33,buildContext
FN:40,runEffectExecutionPlan
FN:44,(anonymous_2)
FN:56,(anonymous_3)
FN:56,(anonymous_4)
FN:69,(anonymous_5)
FN:69,(anonymous_6)
FN:71,(anonymous_7)
FN:77,createEventRegistry
FNF:9
FNH:9
FNDA:6,buildContext
FNDA:6,runEffectExecutionPlan
FNDA:4,(anonymous_2)
FNDA:1,(anonymous_3)
FNDA:4,(anonymous_4)
FNDA:1,(anonymous_5)
FNDA:3,(anonymous_6)
FNDA:3,(anonymous_7)
FNDA:1,createEventRegistry
DA:2,1
DA:34,6
DA:44,6
DA:45,4
DA:47,4
DA:48,2
DA:49,2
DA:51,2
DA:56,1
DA:60,4
DA:62,4
DA:63,3
DA:65,3
DA:69,1
DA:71,3
DA:72,3
DA:74,3
DA:77,1
DA:81,1
LF:19
LH:19
BRDA:47,0,0,2
BRDA:47,0,1,2
BRDA:62,1,0,3
BRDA:62,1,1,1
BRF:4
BRH:4
end_of_record
TN:
SF:src/eventLoop/effects/replaceText.ts
FN:8,replaceTextEffect
FNF:1
FNH:1
FNDA:1,replaceTextEffect
DA:8,1
DA:9,1
LF:2
LH:2
BRF:0
BRH:0
end_of_record
TN:
SF:src/eventLoop/effects/showError.ts
FN:5,showErrorEffect
FNF:1
FNH:1
FNDA:1,showErrorEffect
DA:5,1
DA:6,1
LF:2
LH:2
BRF:0
BRH:0
end_of_record
